<?xml version="1.0" encoding="UTF-8"?>
<!-- Generated by org.testng.reporters.JUnitReportReporter -->
<testsuite hostname="DESKTOP-72RI81C" failures="0" tests="1" name="TestNG.Mousehover" time="8.765" errors="0" timestamp="2024-02-20T13:16:16 IST" skipped="0">
  <testcase classname="TestNG.Mousehover" name="test" time="8.765"/>
  <system-out/>
</testsuite> <!-- TestNG.Mousehover -->
