<?xml version="1.0" encoding="UTF-8"?>
<!-- Generated by org.testng.reporters.JUnitReportReporter -->
<testsuite hostname="DESKTOP-72RI81C" failures="0" tests="1" name="Test.fbloginTest" time="1.576" errors="0" timestamp="2024-02-27T12:21:34 IST" skipped="0">
  <testcase classname="Test.fbloginTest" name="test" time="1.576"/>
  <system-out/>
</testsuite> <!-- Test.fbloginTest -->
