<?xml version="1.0" encoding="UTF-8"?>
<!-- Generated by org.testng.reporters.JUnitReportReporter -->
<testsuite hostname="DESKTOP-72RI81C" failures="0" tests="1" name="TestNG.DatePicker" time="2.912" errors="0" timestamp="2024-03-01T13:14:08 IST" skipped="0">
  <testcase classname="TestNG.DatePicker" name="testlogin" time="2.912"/>
  <system-out/>
</testsuite> <!-- TestNG.DatePicker -->
