<?xml version="1.0" encoding="UTF-8"?>
<!-- Generated by org.testng.reporters.JUnitReportReporter -->
<testsuite hostname="DESKTOP-72RI81C" failures="0" tests="1" name="TestNG.dragAnddrop" time="5.988" errors="0" timestamp="2024-02-19T13:16:03 IST" skipped="0">
  <testcase classname="TestNG.dragAnddrop" name="testt" time="5.988"/>
  <system-out/>
</testsuite> <!-- TestNG.dragAnddrop -->
