<?xml version="1.0" encoding="UTF-8"?>
<!-- Generated by org.testng.reporters.JUnitReportReporter -->
<testsuite hostname="DESKTOP-72RI81C" failures="0" tests="2" name="TestNG.fileUploadSendkeys" time="11.556" errors="0" timestamp="2024-02-23T13:19:33 IST" skipped="0">
  <testcase classname="TestNG.fileUploadSendkeys" name="submit" time="9.096"/>
  <system-out/>
  <testcase classname="TestNG.fileUploadSendkeys" name="test" time="2.460"/>
  <system-out/>
</testsuite> <!-- TestNG.fileUploadSendkeys -->
