<?xml version="1.0" encoding="UTF-8"?>
<!-- Generated by org.testng.reporters.JUnitReportReporter -->
<testsuite hostname="DESKTOP-72RI81C" failures="0" tests="1" name="TestPkg.Fbtest" time="2.524" errors="0" timestamp="2024-02-29T13:18:52 IST" skipped="0">
  <testcase classname="TestPkg.Fbtest" name="VerifyLoginWithValidCred" time="2.524"/>
  <system-out/>
</testsuite> <!-- TestPkg.Fbtest -->
