<?xml version="1.0" encoding="UTF-8"?>
<!-- Generated by org.testng.reporters.JUnitReportReporter -->
<testsuite hostname="DESKTOP-72RI81C" failures="0" tests="1" name="TestNG.parameterr" time="0.015" errors="0" timestamp="2024-02-15T12:48:46 IST" skipped="0">
  <testcase classname="TestNG.parameterr" name="main" time="0.015"/>
  <system-out/>
</testsuite> <!-- TestNG.parameterr -->
