<?xml version="1.0" encoding="UTF-8"?>
<!-- Generated by org.testng.reporters.JUnitReportReporter -->
<testsuite hostname="DESKTOP-72RI81C" failures="0" tests="1" name="TestNG.RightClickDoubleClick" time="6.415" errors="0" timestamp="2024-02-20T12:40:05 IST" skipped="0">
  <testcase classname="TestNG.RightClickDoubleClick" name="test" time="6.415"/>
  <system-out/>
</testsuite> <!-- TestNG.RightClickDoubleClick -->
