<?xml version="1.0" encoding="UTF-8"?>
<!-- Generated by org.testng.reporters.JUnitReportReporter -->
<testsuite hostname="DESKTOP-72RI81C" failures="0" tests="3" name="TestNG.TestNGGrouping" time="0.016" errors="0" timestamp="2024-02-15T12:37:38 IST" skipped="0">
  <testcase classname="TestNG.TestNGGrouping" name="main1" time="0.012"/>
  <system-out/>
  <testcase classname="TestNG.TestNGGrouping" name="main4" time="0.002"/>
  <system-out/>
  <testcase classname="TestNG.TestNGGrouping" name="main2" time="0.002"/>
  <system-out/>
</testsuite> <!-- TestNG.TestNGGrouping -->
