<?xml version="1.0" encoding="UTF-8"?>
<!-- Generated by org.testng.reporters.JUnitReportReporter -->
<testsuite hostname="DESKTOP-72RI81C" failures="0" tests="1" name="TestNG.Actions" time="22.632" errors="0" timestamp="2024-02-19T12:13:03 IST" skipped="0">
  <testcase classname="TestNG.Actions" name="test1" time="22.632"/>
  <system-out/>
</testsuite> <!-- TestNG.Actions -->
