<?xml version="1.0" encoding="UTF-8"?>
<!-- Generated by org.testng.reporters.JUnitReportReporter -->
<testsuite hostname="DESKTOP-72RI81C" failures="0" tests="1" name="TestNG.NotificationPgm" time="4.692" errors="0" timestamp="2024-02-16T11:39:02 IST" skipped="0">
  <testcase classname="TestNG.NotificationPgm" name="test" time="4.692"/>
  <system-out/>
</testsuite> <!-- TestNG.NotificationPgm -->
