<?xml version="1.0" encoding="UTF-8"?>
<!-- Generated by org.testng.reporters.JUnitReportReporter -->
<testsuite hostname="DESKTOP-72RI81C" failures="0" tests="1" name="TestNG.Actions1" time="23.858" errors="0" timestamp="2024-02-19T12:28:05 IST" skipped="0">
  <testcase classname="TestNG.Actions1" name="test1" time="23.858"/>
  <system-out/>
</testsuite> <!-- TestNG.Actions1 -->
