<?xml version="1.0" encoding="UTF-8"?>
<!-- Generated by org.testng.reporters.JUnitReportReporter -->
<testsuite hostname="DESKTOP-72RI81C" failures="0" tests="3" name="TestNG.crossBrowserTesting" time="6.106" errors="0" timestamp="2024-02-16T12:19:45 IST" skipped="0">
  <testcase classname="TestNG.crossBrowserTesting" name="test" time="1.891"/>
  <system-out/>
  <testcase classname="TestNG.crossBrowserTesting" name="test" time="2.835"/>
  <system-out/>
  <testcase classname="TestNG.crossBrowserTesting" name="test" time="1.380"/>
  <system-out/>
</testsuite> <!-- TestNG.crossBrowserTesting -->
