<?xml version="1.0" encoding="UTF-8"?>
<!-- Generated by org.testng.reporters.JUnitReportReporter -->
<testsuite hostname="DESKTOP-72RI81C" failures="0" tests="1" name="Test.registerTest" time="4.496" errors="0" timestamp="2024-02-27T13:08:41 IST" skipped="0">
  <testcase classname="Test.registerTest" name="test" time="4.496"/>
  <system-out/>
</testsuite> <!-- Test.registerTest -->
