<?xml version="1.0" encoding="UTF-8"?>
<!-- Generated by org.testng.reporters.JUnitReportReporter -->
<testsuite hostname="DESKTOP-72RI81C" failures="0" tests="1" name="Test.fbloginTestPageFactory" time="0.314" errors="0" timestamp="2024-02-28T12:49:33 IST" skipped="0">
  <testcase classname="Test.fbloginTestPageFactory" name="testlogin" time="0.314"/>
  <system-out/>
</testsuite> <!-- Test.fbloginTestPageFactory -->
