<?xml version="1.0" encoding="UTF-8"?>
<!-- Generated by org.testng.reporters.JUnitReportReporter -->
<testsuite hostname="DESKTOP-72RI81C" failures="0" tests="5" name="TestNG.Demo" time="0.031" errors="0" timestamp="2024-02-14T12:48:10 IST" skipped="0">
  <testcase classname="TestNG.Demo" name="test2" time="0.008"/>
  <system-out/>
  <testcase classname="TestNG.Demo" name="test2" time="0.003"/>
  <system-out/>
  <testcase classname="TestNG.Demo" name="test2" time="0.005"/>
  <system-out/>
  <testcase classname="TestNG.Demo" name="test3" time="0.012"/>
  <system-out/>
  <testcase classname="TestNG.Demo" name="test1" time="0.003"/>
  <system-out/>
</testsuite> <!-- TestNG.Demo -->
